LeoUILibrary/build/outputs/logs/manifest-merger-debug-report.txt
-- Merging decision tree log ---
manifest
ADDED from LeoUILibrary\AndroidManifest.xml:2:1-36:12
	package
		ADDED from LeoUILibrary\AndroidManifest.xml:2:11-41
	android:versionName
		ADDED from LeoUILibrary\AndroidManifest.xml:5:11-36
		INJECTED from LeoUILibrary\AndroidManifest.xml
		INJECTED from LeoUILibrary\AndroidManifest.xml
	android:versionCode
		ADDED from LeoUILibrary\AndroidManifest.xml:4:11-34
		INJECTED from LeoUILibrary\AndroidManifest.xml
		INJECTED from LeoUILibrary\AndroidManifest.xml
	xmlns:android
		ADDED from LeoUILibrary\AndroidManifest.xml:3:11-69
uses-sdk
ADDED from LeoUILibrary\AndroidManifest.xml:7:5-9:40
	android:targetSdkVersion
		ADDED from LeoUILibrary\AndroidManifest.xml:9:9-38
	android:minSdkVersion
		ADDED from LeoUILibrary\AndroidManifest.xml:8:9-35
uses-permission#android.permission.INTERNET
ADDED from LeoUILibrary\AndroidManifest.xml:11:5-67
	android:name
		ADDED from LeoUILibrary\AndroidManifest.xml:11:22-64
application
ADDED from LeoUILibrary\AndroidManifest.xml:13:5-34:19
	android:label
		ADDED from LeoUILibrary\AndroidManifest.xml:16:9-41
	android:allowBackup
		ADDED from LeoUILibrary\AndroidManifest.xml:14:9-35
	android:icon
		ADDED from LeoUILibrary\AndroidManifest.xml:15:9-45
activity#com.example.blurtest.activity.MainActivity
ADDED from LeoUILibrary\AndroidManifest.xml:17:9-25:20
	android:label
		ADDED from LeoUILibrary\AndroidManifest.xml:19:13-45
	android:name
		ADDED from LeoUILibrary\AndroidManifest.xml:18:13-70
intent-filter#android.intent.action.MAIN+android.intent.category.LAUNCHER
ADDED from LeoUILibrary\AndroidManifest.xml:20:13-24:29
action#android.intent.action.MAIN
ADDED from LeoUILibrary\AndroidManifest.xml:21:17-68
	android:name
		ADDED from LeoUILibrary\AndroidManifest.xml:21:25-66
category#android.intent.category.LAUNCHER
ADDED from LeoUILibrary\AndroidManifest.xml:23:17-76
	android:name
		ADDED from LeoUILibrary\AndroidManifest.xml:23:27-74
activity#com.example.blurtest.activity.BlurActivity
ADDED from LeoUILibrary\AndroidManifest.xml:26:9-78
	android:name
		ADDED from LeoUILibrary\AndroidManifest.xml:26:19-76
activity#com.example.blurtest.activity.SatelliteMenuActivity
ADDED from LeoUILibrary\AndroidManifest.xml:27:9-87
	android:name
		ADDED from LeoUILibrary\AndroidManifest.xml:27:19-85
activity#com.example.blurtest.activity.ClassLoaderActivity
ADDED from LeoUILibrary\AndroidManifest.xml:28:9-85
	android:name
		ADDED from LeoUILibrary\AndroidManifest.xml:28:19-83
activity#com.example.blurtest.activity.GestureActivity
ADDED from LeoUILibrary\AndroidManifest.xml:29:9-81
	android:name
		ADDED from LeoUILibrary\AndroidManifest.xml:29:19-79
activity#com.example.blurtest.activity.TransitionLayoutActivity
ADDED from LeoUILibrary\AndroidManifest.xml:30:9-90
	android:name
		ADDED from LeoUILibrary\AndroidManifest.xml:30:19-88
activity#com.example.blurtest.activity.Html5Test
ADDED from LeoUILibrary\AndroidManifest.xml:31:9-75
	android:name
		ADDED from LeoUILibrary\AndroidManifest.xml:31:19-73
activity#com.example.blurtest.activity.ImageFilterActivity
ADDED from LeoUILibrary\AndroidManifest.xml:32:9-85
	android:name
		ADDED from LeoUILibrary\AndroidManifest.xml:32:19-83
activity#com.example.blurtest.activity.ImageFilterMainActivity
ADDED from LeoUILibrary\AndroidManifest.xml:33:9-89
	android:name
		ADDED from LeoUILibrary\AndroidManifest.xml:33:19-87